TN:
SF:app/db.server.ts
FN:20,query
FNF:1
FNH:1
FNDA:335,query
DA:1,1
DA:2,1
DA:3,1
DA:4,1
DA:5,1
DA:6,1
DA:7,1
DA:8,1
DA:9,1
DA:10,1
DA:11,1
DA:12,1
DA:13,1
DA:14,1
DA:15,0
DA:16,0
DA:17,0
DA:18,0
DA:19,1
DA:20,1
DA:21,335
DA:22,335
DA:23,335
DA:24,333
DA:25,333
DA:26,333
DA:27,333
DA:28,333
DA:29,1
DA:30,1
DA:31,1
DA:32,1
DA:33,1
DA:34,1
LF:34
LH:30
BRDA:7,0,0,0
BRDA:14,1,0,0
BRDA:20,2,0,335
BRDA:24,3,0,333
BRF:4
BRH:2
end_of_record
TN:
SF:app/models/_testCommon.ts
FN:3,commonBeforeAll
FN:100,commonBeforeEach
FN:104,commonAfterEach
FNF:3
FNH:3
FNDA:9,commonBeforeAll
FNDA:45,commonBeforeEach
FNDA:45,commonAfterEach
DA:1,1
DA:2,1
DA:3,9
DA:4,9
DA:5,9
DA:6,9
DA:7,9
DA:8,9
DA:9,9
DA:10,9
DA:11,9
DA:12,9
DA:13,9
DA:14,9
DA:15,9
DA:16,9
DA:17,9
DA:18,9
DA:19,9
DA:20,9
DA:21,9
DA:22,9
DA:23,9
DA:24,9
DA:25,9
DA:26,9
DA:27,9
DA:28,9
DA:29,9
DA:30,9
DA:31,9
DA:32,9
DA:33,9
DA:34,9
DA:35,9
DA:36,9
DA:37,45
DA:38,45
DA:39,45
DA:40,45
DA:41,45
DA:42,45
DA:43,45
DA:44,45
DA:45,45
DA:46,45
DA:47,45
DA:48,45
DA:49,9
DA:50,9
DA:51,45
DA:52,45
DA:53,45
DA:54,45
DA:55,45
DA:56,45
DA:57,45
DA:58,45
DA:59,45
DA:60,45
DA:61,9
DA:62,9
DA:63,9
DA:64,9
DA:65,9
DA:66,9
DA:67,9
DA:68,9
DA:69,9
DA:70,9
DA:71,9
DA:72,9
DA:73,9
DA:74,9
DA:75,9
DA:76,9
DA:77,9
DA:78,9
DA:79,9
DA:80,9
DA:81,9
DA:82,9
DA:83,9
DA:84,9
DA:85,9
DA:86,9
DA:87,9
DA:88,9
DA:89,9
DA:90,9
DA:91,9
DA:92,9
DA:93,9
DA:94,9
DA:95,9
DA:96,9
DA:97,9
DA:98,9
DA:99,1
DA:100,45
DA:101,45
DA:102,45
DA:103,1
DA:104,45
DA:105,45
DA:106,45
DA:107,1
DA:108,1
LF:108
LH:108
BRDA:3,0,0,9
BRDA:36,1,0,45
BRDA:50,2,0,45
BRDA:100,3,0,45
BRDA:104,4,0,45
BRF:5
BRH:5
end_of_record
TN:
SF:app/models/comments.ts
FN:12,isComment
FN:21,isCommentsResponse
FN:33,addComment
FN:45,getCommentsByPostId
FN:70,deleteComment
FNF:5
FNH:4
FNDA:0,isComment
FNDA:2,isCommentsResponse
FNDA:3,addComment
FNDA:2,getCommentsByPostId
FNDA:2,deleteComment
DA:1,1
DA:2,1
DA:3,1
DA:4,1
DA:5,1
DA:6,1
DA:7,1
DA:8,1
DA:9,1
DA:10,1
DA:11,1
DA:12,0
DA:13,0
DA:14,0
DA:15,0
DA:16,0
DA:17,0
DA:18,1
DA:19,1
DA:20,1
DA:21,2
DA:22,2
DA:23,2
DA:24,2
DA:25,2
DA:26,2
DA:27,2
DA:28,2
DA:29,0
DA:30,0
DA:31,1
DA:32,1
DA:33,1
DA:34,3
DA:35,3
DA:36,3
DA:37,3
DA:38,3
DA:39,3
DA:40,3
DA:41,3
DA:42,3
DA:43,3
DA:44,1
DA:45,1
DA:46,2
DA:47,2
DA:48,2
DA:49,2
DA:50,2
DA:51,2
DA:52,2
DA:53,2
DA:54,2
DA:55,2
DA:56,2
DA:57,2
DA:58,2
DA:59,2
DA:60,2
DA:61,2
DA:62,2
DA:63,2
DA:64,2
DA:65,2
DA:66,0
DA:67,0
DA:68,0
DA:69,1
DA:70,1
DA:71,2
DA:72,2
DA:73,2
DA:74,2
DA:75,1
LF:75
LH:64
BRDA:21,0,0,2
BRDA:29,1,0,0
BRDA:33,2,0,3
BRDA:45,3,0,2
BRDA:66,4,0,0
BRDA:70,5,0,2
BRF:6
BRH:4
end_of_record
TN:
SF:app/models/follows.ts
FN:4,addFollow
FN:13,removeFollow
FNF:2
FNH:2
FNDA:1,addFollow
FNDA:1,removeFollow
DA:1,1
DA:2,1
DA:3,1
DA:4,1
DA:5,1
DA:6,1
DA:7,1
DA:8,1
DA:9,1
DA:10,1
DA:11,1
DA:12,1
DA:13,1
DA:14,1
DA:15,1
DA:16,1
DA:17,1
DA:18,1
DA:19,1
DA:20,1
DA:21,1
LF:21
LH:21
BRDA:4,0,0,1
BRDA:13,1,0,1
BRF:2
BRH:2
end_of_record
TN:
SF:app/models/likes.ts
FN:5,addLike
FN:22,removeLike
FN:37,getLikesById
FNF:3
FNH:2
FNDA:2,addLike
FNDA:2,removeLike
FNDA:0,getLikesById
DA:1,1
DA:2,1
DA:3,1
DA:4,1
DA:5,1
DA:6,2
DA:7,2
DA:8,2
DA:9,2
DA:10,2
DA:11,2
DA:12,2
DA:13,1
DA:14,1
DA:15,1
DA:16,1
DA:17,1
DA:18,1
DA:19,1
DA:20,2
DA:21,1
DA:22,1
DA:23,2
DA:24,2
DA:25,2
DA:26,2
DA:27,2
DA:28,1
DA:29,1
DA:30,1
DA:31,1
DA:32,1
DA:33,1
DA:34,1
DA:35,2
DA:36,1
DA:37,1
DA:38,0
DA:39,0
DA:40,0
DA:41,0
DA:42,0
DA:43,0
DA:44,0
DA:45,0
DA:46,0
DA:47,0
DA:48,0
DA:49,0
DA:50,0
DA:51,0
DA:52,0
DA:53,1
LF:53
LH:38
BRDA:5,0,0,2
BRDA:13,1,0,1
BRDA:22,2,0,2
BRDA:28,3,0,1
BRF:4
BRH:4
end_of_record
TN:
SF:app/models/posts.ts
FN:4,getUserProjectsById
FN:27,addUserProject
FN:43,updateUserProject
FN:71,deleteProjectById
FN:81,getAllUserProjects
FNF:5
FNH:5
FNDA:3,getUserProjectsById
FNDA:1,addUserProject
FNDA:1,updateUserProject
FNDA:1,deleteProjectById
FNDA:1,getAllUserProjects
DA:1,1
DA:2,1
DA:3,1
DA:4,1
DA:5,3
DA:6,3
DA:7,3
DA:8,3
DA:9,3
DA:10,3
DA:11,3
DA:12,3
DA:13,3
DA:14,3
DA:15,3
DA:16,3
DA:17,3
DA:18,3
DA:19,3
DA:20,3
DA:21,3
DA:22,3
DA:23,3
DA:24,3
DA:25,3
DA:26,1
DA:27,1
DA:28,1
DA:29,1
DA:30,1
DA:31,1
DA:32,1
DA:33,1
DA:34,1
DA:35,1
DA:36,1
DA:37,1
DA:38,1
DA:39,1
DA:40,1
DA:41,1
DA:42,1
DA:43,1
DA:44,1
DA:45,1
DA:46,1
DA:47,1
DA:48,1
DA:49,1
DA:50,1
DA:51,1
DA:52,1
DA:53,1
DA:54,1
DA:55,1
DA:56,1
DA:57,1
DA:58,1
DA:59,1
DA:60,1
DA:61,1
DA:62,1
DA:63,1
DA:64,1
DA:65,1
DA:66,1
DA:67,1
DA:68,1
DA:69,1
DA:70,1
DA:71,1
DA:72,1
DA:73,1
DA:74,1
DA:75,1
DA:76,1
DA:77,1
DA:78,1
DA:79,1
DA:80,1
DA:81,1
DA:82,1
DA:83,1
DA:84,1
DA:85,1
DA:86,1
DA:87,1
DA:88,1
DA:89,1
DA:90,1
DA:91,1
DA:92,1
DA:93,1
DA:94,1
DA:95,1
DA:96,1
DA:97,1
DA:98,1
DA:99,1
DA:100,1
LF:100
LH:100
BRDA:4,0,0,3
BRDA:27,1,0,1
BRDA:43,2,0,1
BRDA:71,3,0,1
BRDA:81,4,0,1
BRF:5
BRH:5
end_of_record
TN:
SF:app/models/skills.ts
FN:4,addSkill
FN:14,getSkillsById
FN:25,removeSkill
FNF:3
FNH:3
FNDA:1,addSkill
FNDA:2,getSkillsById
FNDA:2,removeSkill
DA:1,1
DA:2,1
DA:3,1
DA:4,1
DA:5,1
DA:6,1
DA:7,1
DA:8,1
DA:9,1
DA:10,1
DA:11,1
DA:12,1
DA:13,1
DA:14,1
DA:15,2
DA:16,2
DA:17,2
DA:18,2
DA:19,2
DA:20,2
DA:21,2
DA:22,2
DA:23,2
DA:24,1
DA:25,1
DA:26,2
DA:27,2
DA:28,2
DA:29,2
DA:30,2
DA:31,2
DA:32,2
DA:33,2
DA:34,2
DA:35,1
LF:35
LH:35
BRDA:4,0,0,1
BRDA:14,1,0,2
BRDA:25,2,0,2
BRF:3
BRH:3
end_of_record
TN:
SF:app/models/users.ts
FN:4,getUserById
FN:19,getUserProfileById
FN:46,getUserOverviews
FN:60,addUser
FN:91,updateUser
FN:114,connectLeetcode
FN:128,connectGithub
FN:142,addUserBio
FN:156,remove
FNF:9
FNH:9
FNDA:3,getUserById
FNDA:3,getUserProfileById
FNDA:2,getUserOverviews
FNDA:2,addUser
FNDA:2,updateUser
FNDA:2,connectLeetcode
FNDA:2,connectGithub
FNDA:2,addUserBio
FNDA:2,remove
DA:1,1
DA:2,1
DA:3,1
DA:4,1
DA:5,3
DA:6,3
DA:7,3
DA:8,3
DA:9,3
DA:10,3
DA:11,2
DA:12,2
DA:13,2
DA:14,2
DA:15,1
DA:16,1
DA:17,1
DA:18,1
DA:19,1
DA:20,3
DA:21,3
DA:22,3
DA:23,3
DA:24,3
DA:25,3
DA:26,3
DA:27,3
DA:28,3
DA:29,3
DA:30,3
DA:31,3
DA:32,3
DA:33,3
DA:34,3
DA:35,3
DA:36,3
DA:37,2
DA:38,2
DA:39,2
DA:40,2
DA:41,2
DA:42,1
DA:43,1
DA:44,1
DA:45,1
DA:46,1
DA:47,2
DA:48,2
DA:49,2
DA:50,2
DA:51,2
DA:52,2
DA:53,2
DA:54,2
DA:55,2
DA:56,2
DA:57,2
DA:58,2
DA:59,1
DA:60,1
DA:61,2
DA:62,2
DA:63,2
DA:64,2
DA:65,2
DA:66,2
DA:67,2
DA:68,2
DA:69,2
DA:70,2
DA:71,2
DA:72,2
DA:73,1
DA:74,1
DA:75,1
DA:76,1
DA:77,1
DA:78,1
DA:79,1
DA:80,1
DA:81,1
DA:82,1
DA:83,1
DA:84,1
DA:85,1
DA:86,1
DA:87,1
DA:88,1
DA:89,1
DA:90,1
DA:91,1
DA:92,2
DA:93,2
DA:94,2
DA:95,2
DA:96,2
DA:97,2
DA:98,2
DA:99,2
DA:100,2
DA:101,2
DA:102,2
DA:103,2
DA:104,2
DA:105,2
DA:106,2
DA:107,2
DA:108,1
DA:109,1
DA:110,1
DA:111,1
DA:112,1
DA:113,1
DA:114,1
DA:115,2
DA:116,1
DA:117,1
DA:118,1
DA:119,1
DA:120,1
DA:121,1
DA:122,1
DA:123,1
DA:124,1
DA:125,1
DA:126,1
DA:127,1
DA:128,1
DA:129,2
DA:130,1
DA:131,1
DA:132,1
DA:133,1
DA:134,1
DA:135,1
DA:136,1
DA:137,1
DA:138,1
DA:139,1
DA:140,1
DA:141,1
DA:142,1
DA:143,2
DA:144,1
DA:145,1
DA:146,1
DA:147,1
DA:148,1
DA:149,1
DA:150,1
DA:151,1
DA:152,1
DA:153,1
DA:154,1
DA:155,1
DA:156,1
DA:157,2
DA:158,2
DA:159,2
DA:160,2
DA:161,2
DA:162,2
DA:163,2
DA:164,1
DA:165,1
DA:166,1
DA:167,1
LF:167
LH:167
BRDA:4,0,0,3
BRDA:10,1,0,2
BRDA:15,2,0,1
BRDA:19,3,0,3
BRDA:36,4,0,2
BRDA:42,5,0,1
BRDA:46,6,0,2
BRDA:60,7,0,2
BRDA:72,8,0,1
BRDA:91,9,0,2
BRDA:107,10,0,1
BRDA:114,11,0,2
BRDA:115,12,0,1
BRDA:128,13,0,2
BRDA:129,14,0,1
BRDA:142,15,0,2
BRDA:143,16,0,1
BRDA:156,17,0,2
BRDA:163,18,0,1
BRF:19
BRH:19
end_of_record
TN:
SF:app/routes/api.comments.tsx
FN:5,action
FNF:1
FNH:1
FNDA:3,action
DA:1,1
DA:2,1
DA:3,1
DA:4,1
DA:5,1
DA:6,3
DA:7,3
DA:8,3
DA:9,3
DA:10,3
DA:11,1
DA:12,1
DA:13,1
DA:14,1
DA:15,1
DA:16,1
DA:17,1
DA:18,2
DA:19,3
DA:20,1
DA:21,1
DA:22,1
DA:23,1
DA:24,1
DA:25,1
LF:25
LH:25
BRDA:5,0,0,3
BRDA:10,1,0,1
BRDA:18,2,0,2
BRDA:19,3,0,1
BRF:4
BRH:4
end_of_record
TN:
SF:app/routes/api.likes.tsx
FN:5,action
FNF:1
FNH:1
FNDA:5,action
DA:1,1
DA:2,1
DA:3,1
DA:4,1
DA:5,1
DA:6,5
DA:7,5
DA:8,5
DA:9,5
DA:10,5
DA:11,2
DA:12,2
DA:13,2
DA:14,3
DA:15,4
DA:16,2
DA:17,2
DA:18,2
DA:19,1
DA:20,1
DA:21,3
DA:22,0
DA:23,0
DA:24,5
LF:24
LH:22
BRDA:5,0,0,5
BRDA:10,1,0,4
BRDA:10,2,0,2
BRDA:14,3,0,3
BRDA:15,4,0,2
BRDA:19,5,0,3
BRDA:19,6,0,1
BRDA:21,7,0,0
BRF:8
BRH:7
end_of_record
